




arguments: ./build/mirp_solver -f ./input/orig_exec_97.cfg
Current dir: /scratch/gui/bnc_mirp
File verbosity level: 9
date       time         ( uptime  ) [ thread name/id ]                   file:line     v| 
2021-01-09 20:56:37.674 (   0.037s) [main thread     ]             loguru.cpp:789   INFO| Logging to './output/vi_hc2/OU/V3/Original/execution_09_01_2021_20_56_37.log', mode: 'a', verbosity: 9
--------------------------------------------------------------------------------
Parameters
                           instance_path           ./input/Instances/Original/3/
                            model_policy                                       1
                             nb_vehicles                                       3
                              output_dir         ./output/vi_hc2/OU/V3/Original/
                            sec_strategy                                       1
                       solver_nb_threads                                       2
                         solver_show_log                                    true
                       solver_time_limit                                    3600
                              use_vi_cos                                   false
                              use_vi_cus                                   false
                         use_vi_hc1_full                                   false
                         use_vi_hc1_half                                   false
                      use_vi_hc1_quarter                                   false
                              use_vi_hc2                                    true
                              use_vi_hc3                                   false
                         use_vi_lex_full                                   false
                         use_vi_lex_half                                   false
                      use_vi_lex_quarter                                   false
                              use_vi_qua                                   false
                               use_vi_vc                                   false
                               use_vi_vr                                   false
--------------------------------------------------------------------------------
executing instance: ./input/Instances/Original/3/absH3low_2n5.dat
--------------------------------------------------------------------------------
Instance details
n	6
H	3
C	237
Li:
[0, 0, 0, 0, 0, 0, ]
Ui:
[0, 93, 180, 51, 114, 24, ]
Distance matrix:
|0	170	318	35	112	235	|
|170	0	311	205	258	301	|
|318	311	0	326	278	137	|
|35	205	326	0	89	230	|
|112	258	278	89	0	160	|
|235	301	137	230	160	0	|

--------------------------------------------------------------------------------
Stack trace:
11            0x40d16a ./build/mirp_solver() [0x40d16a]
10      0x2b8e3a597e1b __libc_start_main + 235
9             0x40c5e4 ./build/mirp_solver() [0x40c5e4]
8             0x40d29e ./build/mirp_solver() [0x40d29e]
7             0x4225f5 ./build/mirp_solver() [0x4225f5]
6             0x4501a9 ./build/mirp_solver() [0x4501a9]
5       0x2b8e3a21af05 /cvmfs/soft.computecanada.ca/gentoo/2020/usr/lib/gcc/x86_64-pc-linux-gnu/10.2.0/libstdc++.so.6(+0xcff05) [0x2b8e3a21af05]
4       0x2b8e3a21ac71 /cvmfs/soft.computecanada.ca/gentoo/2020/usr/lib/gcc/x86_64-pc-linux-gnu/10.2.0/libstdc++.so.6(+0xcfc71) [0x2b8e3a21ac71]
3       0x2b8e3a21ac06 /cvmfs/soft.computecanada.ca/gentoo/2020/usr/lib/gcc/x86_64-pc-linux-gnu/10.2.0/libstdc++.so.6(+0xcfc06) [0x2b8e3a21ac06]
2       0x2b8e3a1ec877 /cvmfs/soft.computecanada.ca/gentoo/2020/usr/lib/gcc/x86_64-pc-linux-gnu/10.2.0/libstdc++.so.6(+0xa1877) [0x2b8e3a1ec877]
1       0x2b8e3a59656b abort + 295
0       0x2b8e3a5ac901 gsignal + 321
2021-01-09 20:56:38.287 (   0.651s) [main thread     ]                       :0     FATL| Signal: SIGABRT
